<?xml version="1.0" encoding="UTF-8"?>
<!-- Generated by org.testng.reporters.JUnitXMLReporter -->
<testsuite hostname="AppledeMacBook-Pro.local" ignored="0" name="Default test" tests="4" failures="0" timestamp="03 Sep 2019 23:57:34 GMT" time="0.886" errors="0">
  <testcase name="postDemo0" time="0.514" classname="com.lemon.api.auto.PostcodeCase"/>
  <testcase name="postDemo1" time="0.125" classname="com.lemon.api.auto.PostcodeCase"/>
  <testcase name="postDemo2" time="0.082" classname="com.lemon.api.auto.PostcodeCase"/>
  <testcase name="postDemo3" time="0.113" classname="com.lemon.api.auto.PostcodeCase"/>
</testsuite> <!-- Default test -->
