<?xml version="1.0" encoding="UTF-8"?>
<!-- Generated by org.testng.reporters.JUnitXMLReporter -->
<testsuite hostname="bogon" ignored="0" name="PostcodCase" tests="6" failures="0" timestamp="04 Sep 2019 01:07:16 GMT" time="2.181" errors="0">
  <testcase name="postDemo" time="1.441" classname="com.lemon.api.auto.PostcodeCase2"/>
  <testcase name="postDemo" time="0.124" classname="com.lemon.api.auto.PostcodeCase2"/>
  <testcase name="postDemo" time="0.137" classname="com.lemon.api.auto.PostcodeCase2"/>
  <testcase name="postDemo" time="0.165" classname="com.lemon.api.auto.PostcodeCase2"/>
  <testcase name="postDemo" time="0.144" classname="com.lemon.api.auto.PostcodeCase2"/>
  <testcase name="postDemo" time="0.122" classname="com.lemon.api.auto.PostcodeCase2"/>
</testsuite> <!-- PostcodCase -->
