<?xml version="1.0" encoding="UTF-8"?>
<!-- Generated by org.testng.reporters.JUnitXMLReporter -->
<testsuite hostname="bogon" ignored="0" name="PostcodCase" tests="5" failures="0" timestamp="04 Sep 2019 00:37:09 GMT" time="0.85" errors="0">
  <testcase name="postDemo" time="0.388" classname="com.lemon.api.auto.PostcodeCase2"/>
  <testcase name="postDemo" time="0.091" classname="com.lemon.api.auto.PostcodeCase2"/>
  <testcase name="postDemo" time="0.103" classname="com.lemon.api.auto.PostcodeCase2"/>
  <testcase name="postDemo" time="0.11" classname="com.lemon.api.auto.PostcodeCase2"/>
  <testcase name="postDemo" time="0.114" classname="com.lemon.api.auto.PostcodeCase2"/>
</testsuite> <!-- PostcodCase -->
