<?xml version="1.0" encoding="UTF-8"?>
<testng-results skipped="0" failed="0" ignored="0" total="5" passed="5">
  <reporter-output>
  </reporter-output>
  <suite name="Default suite" duration-ms="896" started-at="2019-09-04T00:17:09Z" finished-at="2019-09-04T00:17:10Z">
    <groups>
    </groups>
    <test name="Default test" duration-ms="896" started-at="2019-09-04T00:17:09Z" finished-at="2019-09-04T00:17:10Z">
      <class name="com.lemon.api.auto.PostcodeCase2">
        <test-method status="PASS" signature="postDemo(java.lang.String, java.lang.String)[pri:0, instance:com.lemon.api.auto.PostcodeCase2@548a9f61]" name="postDemo" duration-ms="413" started-at="2019-09-04T00:17:09Z" data-provider="datas" finished-at="2019-09-04T00:17:10Z">
          <params>
            <param index="0">
              <value>
                <![CDATA[052560]]>
              </value>
            </param>
            <param index="1">
              <value>
                <![CDATA[cff415c31035d637e53dba7ecaa3ae9e]]>
              </value>
            </param>
          </params>
          <reporter-output>
          </reporter-output>
        </test-method> <!-- postDemo -->
        <test-method status="PASS" signature="postDemo(java.lang.String, java.lang.String)[pri:0, instance:com.lemon.api.auto.PostcodeCase2@548a9f61]" name="postDemo" duration-ms="88" started-at="2019-09-04T00:17:10Z" data-provider="datas" finished-at="2019-09-04T00:17:10Z">
          <params>
            <param index="0">
              <value>
                <![CDATA[052560]]>
              </value>
            </param>
            <param index="1">
              <value>
                <![CDATA[]]>
              </value>
            </param>
          </params>
          <reporter-output>
          </reporter-output>
        </test-method> <!-- postDemo -->
        <test-method status="PASS" signature="postDemo(java.lang.String, java.lang.String)[pri:0, instance:com.lemon.api.auto.PostcodeCase2@548a9f61]" name="postDemo" duration-ms="135" started-at="2019-09-04T00:17:10Z" data-provider="datas" finished-at="2019-09-04T00:17:10Z">
          <params>
            <param index="0">
              <value>
                <![CDATA[]]>
              </value>
            </param>
            <param index="1">
              <value>
                <![CDATA[cff415c31035d637e53dba7ecaa3ae9e]]>
              </value>
            </param>
          </params>
          <reporter-output>
          </reporter-output>
        </test-method> <!-- postDemo -->
        <test-method status="PASS" signature="postDemo(java.lang.String, java.lang.String)[pri:0, instance:com.lemon.api.auto.PostcodeCase2@548a9f61]" name="postDemo" duration-ms="97" started-at="2019-09-04T00:17:10Z" data-provider="datas" finished-at="2019-09-04T00:17:10Z">
          <params>
            <param index="0">
              <value>
                <![CDATA[052560]]>
              </value>
            </param>
            <param index="1">
              <value>
                <![CDATA[cff415c31035d]]>
              </value>
            </param>
          </params>
          <reporter-output>
          </reporter-output>
        </test-method> <!-- postDemo -->
        <test-method status="PASS" signature="postDemo(java.lang.String, java.lang.String)[pri:0, instance:com.lemon.api.auto.PostcodeCase2@548a9f61]" name="postDemo" duration-ms="117" started-at="2019-09-04T00:17:10Z" data-provider="datas" finished-at="2019-09-04T00:17:10Z">
          <params>
            <param index="0">
              <value>
                <![CDATA[000000]]>
              </value>
            </param>
            <param index="1">
              <value>
                <![CDATA[cff415c31035d637e53dba7ecaa3ae9e]]>
              </value>
            </param>
          </params>
          <reporter-output>
          </reporter-output>
        </test-method> <!-- postDemo -->
      </class> <!-- com.lemon.api.auto.PostcodeCase2 -->
    </test> <!-- Default test -->
  </suite> <!-- Default suite -->
</testng-results>
